2021-03-23 14:59:46,277 - [ERROR] - [msg]: 元素定位失败：Message: 
 - testcase - 73
2021-03-23 14:59:46,277 - [ERROR] - [msg]: 测试用例不通过:'NoneType' object has no attribute 'text' - testcase - 22
2021-03-23 15:07:12,628 - [ERROR] - [msg]: 测试用例不通过:Message: chrome not reachable
  (Session info: chrome=89.0.4389.90)
 - testcase - 22
2021-03-24 09:05:49,821 - [ERROR] - [msg]: 元素定位失败：Message: 
 - testcase - 60
2021-03-24 09:05:50,177 - [ERROR] - [msg]: 元素定位失败：'NoneType' object has no attribute 'click' - testcase - 93
2021-03-24 09:06:11,038 - [ERROR] - [msg]: 元素定位失败：Message: 
 - testcase - 60
2021-03-24 09:06:11,386 - [ERROR] - [msg]: 元素定位失败：'NoneType' object has no attribute 'click' - testcase - 93
2021-03-24 09:42:48,179 - [ERROR] - [msg]: 测试用例不通过:get() takes 1 positional argument but 2 were given - testcase - 33
2021-03-24 09:43:22,275 - [ERROR] - [msg]: 测试用例不通过:get() takes 1 positional argument but 2 were given - testcase - 33
2021-03-24 09:44:43,653 - [ERROR] - [msg]: 测试用例不通过:get() takes 1 positional argument but 2 were given - testcase - 33
2021-03-24 09:53:54,122 - [ERROR] - [msg]: 元素定位失败：Message: 
 - testcase - 73
2021-03-24 10:04:52,678 - [ERROR] - [msg]: 元素定位失败：Message: 
 - testcase - 60
2021-03-24 10:04:53,077 - [ERROR] - [msg]: 元素定位失败：'NoneType' object has no attribute 'click' - testcase - 93
2021-03-24 10:05:13,963 - [ERROR] - [msg]: 元素定位失败：Message: 
 - testcase - 60
2021-03-24 10:05:14,313 - [ERROR] - [msg]: 元素定位失败：'NoneType' object has no attribute 'click' - testcase - 93
2021-03-24 10:05:35,207 - [ERROR] - [msg]: 元素定位失败：Message: 
 - testcase - 60
2021-03-24 10:05:35,558 - [ERROR] - [msg]: 元素定位失败：'NoneType' object has no attribute 'click' - testcase - 93
2021-03-24 10:06:31,672 - [ERROR] - [msg]: 元素定位失败：Message: 
 - testcase - 73
2021-03-24 10:06:31,672 - [ERROR] - [msg]: 测试用例不通过:'NoneType' object has no attribute 'text' - testcase - 32
2021-03-24 10:07:28,692 - [ERROR] - [msg]: 元素定位失败：Message: 
 - testcase - 73
2021-03-24 10:07:28,692 - [ERROR] - [msg]: 测试用例不通过:'NoneType' object has no attribute 'text' - testcase - 32
2021-03-24 10:08:46,917 - [ERROR] - [msg]: 元素定位失败：Message: 
 - testcase - 73
2021-03-24 10:08:46,917 - [ERROR] - [msg]: 测试用例不通过:'NoneType' object has no attribute 'text' - testcase - 32
2021-03-24 10:29:08,016 - [ERROR] - [msg]: 测试用例不通过:'WebElement' object has no attribute 'sendkeys' - testcase - 30
2021-03-24 10:31:59,723 - [ERROR] - [msg]: 元素定位失败：Message: 
 - testcase - 83
2021-03-24 10:39:37,966 - [ERROR] - [msg]: 测试用例不通过:'WebElement' object has no attribute 'sendkeys' - testcase - 32
2021-03-24 10:47:55,357 - [ERROR] - [msg]: 元素定位失败：Message: 
 - testcase - 73
2021-03-24 10:50:23,595 - [ERROR] - [msg]: 测试用例不通过:Message: element not interactable
  (Session info: chrome=89.0.4389.90)
 - testcase - 32
2021-03-24 10:52:03,668 - [ERROR] - [msg]: 测试用例不通过:Message: element not interactable
  (Session info: chrome=89.0.4389.90)
 - testcase - 32
2021-03-24 10:57:50,297 - [ERROR] - [msg]: 测试用例不通过:Message: element not interactable
  (Session info: chrome=89.0.4389.90)
 - testcase - 32
2021-03-24 11:04:10,592 - [ERROR] - [msg]: 测试用例不通过:Message: element not interactable
  (Session info: chrome=89.0.4389.90)
 - testcase - 32
2021-03-24 11:40:57,440 - [ERROR] - [msg]: 测试用例不通过:assert '新建' in '新 建' - testcase - 22
2021-03-25 14:25:54,342 - [ERROR] - [msg]: 元素定位失败：Message: 
 - testcase - 60
2021-03-25 14:25:54,756 - [ERROR] - [msg]: 元素定位失败：move_to requires a WebElement - testcase - 116
2021-03-25 14:28:49,794 - [ERROR] - [msg]: 上传文件失败：Message: element not interactable
  (Session info: chrome=89.0.4389.90)
 - testcase - 212
2021-03-25 14:34:29,502 - [ERROR] - [msg]: 元素定位失败：Message: 
 - testcase - 60
2021-03-25 14:49:35,418 - [ERROR] - [msg]: 测试用例不通过:assert 'Hello123' in '' - testcase - 32
2021-03-25 15:06:00,537 - [ERROR] - [msg]: 测试用例不通过:assert 'Hello123' in '' - testcase - 32
2021-03-25 15:44:56,538 - [ERROR] - [msg]: 测试用例不通过:Message: element not interactable
  (Session info: chrome=89.0.4389.90)
 - testcase - 32
2021-03-25 15:47:20,399 - [ERROR] - [msg]: 测试用例不通过:assert 'Hello123' in '' - testcase - 32
2021-03-25 16:00:19,117 - [ERROR] - [msg]: 测试用例不通过:assert 'Hello123' in 'C:\\Users\\zh\\Desktop\\Li' - testcase - 32
2021-03-25 16:01:49,083 - [ERROR] - [msg]: 测试用例不通过:assert 'Hello123' in 'C:\\Users\\zh\\C:\\Users\\zh\\Desktop\\Li' - testcase - 32
2021-03-25 16:05:11,570 - [ERROR] - [msg]: 测试用例不通过:assert 'Hello123' in 'C:\\Users\\zh\\C:\\Users\\zh\\Desktop\\Li' - testcase - 32
2021-03-25 16:17:31,319 - [ERROR] - [msg]: 测试用例不通过:assert 'Hello123' in '' - testcase - 32
